<?xml version="1.0" encoding="UTF-8"?>
<!-- Generated by org.testng.reporters.JUnitReportReporter -->
<testsuite hostname="DESKTOP-RJQ772H" failures="0" tests="1" name="Test2.ZerodaPinPageTest" time="56.001" errors="0" timestamp="2022-06-17T10:52:37 IST" skipped="0">
  <testcase classname="Test2.ZerodaPinPageTest" name="loginToZerodhaWithpinTest" time="56.001"/>
  <system-out/>
</testsuite> <!-- Test2.ZerodaPinPageTest -->
